Hmm ... looks like a package

This is pdfTeX, Version 3.14159265-2.6-1.40.20 (TeX Live 2019/Debian) (preloaded format=pdflatex)
 restricted \write18 enabled.
entering extended mode
LaTeX2e <2020-02-02> patch level 2
L3 programming layer <2020-02-14>
(./Rd2.tex
(/usr/share/texlive/texmf-dist/tex/latex/base/book.cls
Document Class: book 2019/12/20 v1.4l Standard LaTeX document class
(/usr/share/texlive/texmf-dist/tex/latex/base/bk10.clo))
(/usr/share/R/share/texmf/tex/latex/Rd.sty
(/usr/share/texlive/texmf-dist/tex/latex/base/ifthen.sty)
(/usr/share/texlive/texmf-dist/tex/latex/tools/longtable.sty)
(/usr/share/texlive/texmf-dist/tex/latex/tools/bm.sty)
(/usr/share/texlive/texmf-dist/tex/latex/base/alltt.sty)
(/usr/share/texlive/texmf-dist/tex/latex/tools/verbatim.sty)
(/usr/share/texlive/texmf-dist/tex/latex/url/url.sty)
(/usr/share/texlive/texmf-dist/tex/latex/base/textcomp.sty)
(/usr/share/texlive/texmf-dist/tex/latex/base/fontenc.sty)
(/usr/share/texlive/texmf-dist/tex/latex/psnfss/times.sty)
(/usr/share/texlive/texmf-dist/tex/latex/inconsolata/zi4.sty
`inconsolata-zi4' v1.12, 2019/05/17 Text macros for Inconsolata (msharpe)
(/usr/share/texlive/texmf-dist/tex/latex/xkeyval/xkeyval.sty
(/usr/share/texlive/texmf-dist/tex/generic/xkeyval/xkeyval.tex
(/usr/share/texlive/texmf-dist/tex/generic/xkeyval/xkvutils.tex
(/usr/share/texlive/texmf-dist/tex/generic/xkeyval/keyval.tex)))))
(/usr/share/texlive/texmf-dist/tex/latex/graphics/color.sty
(/usr/share/texlive/texmf-dist/tex/latex/graphics-cfg/color.cfg)
(/usr/share/texlive/texmf-dist/tex/latex/graphics-def/pdftex.def))
(/usr/share/texlive/texmf-dist/tex/latex/hyperref/hyperref.sty
(/usr/share/texlive/texmf-dist/tex/generic/ltxcmds/ltxcmds.sty)
(/usr/share/texlive/texmf-dist/tex/generic/iftex/iftex.sty)
(/usr/share/texlive/texmf-dist/tex/latex/pdftexcmds/pdftexcmds.sty
(/usr/share/texlive/texmf-dist/tex/generic/infwarerr/infwarerr.sty))
(/usr/share/texlive/texmf-dist/tex/generic/kvsetkeys/kvsetkeys.sty)
(/usr/share/texlive/texmf-dist/tex/generic/kvdefinekeys/kvdefinekeys.sty)
(/usr/share/texlive/texmf-dist/tex/generic/pdfescape/pdfescape.sty)
(/usr/share/texlive/texmf-dist/tex/latex/hycolor/hycolor.sty)
(/usr/share/texlive/texmf-dist/tex/latex/letltxmacro/letltxmacro.sty)
(/usr/share/texlive/texmf-dist/tex/latex/auxhook/auxhook.sty)
(/usr/share/texlive/texmf-dist/tex/latex/kvoptions/kvoptions.sty)
(/usr/share/texlive/texmf-dist/tex/latex/hyperref/pd1enc.def)
(/usr/share/texlive/texmf-dist/tex/generic/intcalc/intcalc.sty)
(/usr/share/texlive/texmf-dist/tex/generic/etexcmds/etexcmds.sty)
(/usr/share/texlive/texmf-dist/tex/generic/bitset/bitset.sty
(/usr/share/texlive/texmf-dist/tex/generic/bigintcalc/bigintcalc.sty))
(/usr/share/texlive/texmf-dist/tex/generic/atbegshi/atbegshi.sty))
(/usr/share/texlive/texmf-dist/tex/latex/hyperref/hpdftex.def
(/usr/share/texlive/texmf-dist/tex/latex/atveryend/atveryend.sty)
(/usr/share/texlive/texmf-dist/tex/latex/rerunfilecheck/rerunfilecheck.sty
(/usr/share/texlive/texmf-dist/tex/generic/uniquecounter/uniquecounter.sty)))

Package hyperref Warning: Option `hyperindex' has already been used,
(hyperref)                setting the option has no effect on input line 377.


Package hyperref Warning: Option `pagebackref' has already been used,
(hyperref)                setting the option has no effect on input line 377.

) (/usr/share/texlive/texmf-dist/tex/latex/base/makeidx.sty)
(/usr/share/texlive/texmf-dist/tex/latex/base/inputenc.sty)
Writing index file Rd2.idx
(/usr/share/texlive/texmf-dist/tex/latex/l3backend/l3backend-pdfmode.def)
No file Rd2.aux.
(/usr/share/texlive/texmf-dist/tex/latex/psnfss/t1ptm.fd)
(/usr/share/texlive/texmf-dist/tex/context/base/mkii/supp-pdf.mkii
[Loading MPS to PDF converter (version 2006.09.02).]
) (/usr/share/texlive/texmf-dist/tex/latex/hyperref/nameref.sty
(/usr/share/texlive/texmf-dist/tex/latex/refcount/refcount.sty)
(/usr/share/texlive/texmf-dist/tex/generic/gettitlestring/gettitlestring.sty))
(/usr/share/texlive/texmf-dist/tex/latex/psnfss/ts1ptm.fd)
(/usr/share/texlive/texmf-dist/tex/latex/inconsolata/t1zi4.fd)
(/usr/share/texlive/texmf-dist/tex/latex/psnfss/t1phv.fd) [1{/var/lib/texmf/fon
ts/map/pdftex/updmap/pdftex.map}]
(/usr/share/texlive/texmf-dist/tex/latex/inconsolata/ts1zi4.fd) [2] [3]
[4]
Overfull \hbox (80.67763pt too wide) in paragraph at lines 209--213
[]\T1/ptm/m/n/10 one or more sym-bols from the FMP avail-able list that can be 
found us-ing [][]\T1/zi4/m/n/10 fmpc_symbols_available[][][]\T1/ptm/m/n/10 .
[5]
Overfull \hbox (23.6476pt too wide) in paragraph at lines 265--267
[]\T1/ptm/m/n/10 indicate which cal-en-dar to view. Op-tions in-clude 'ipo', 's
tock_split', 'stock_dividend',
[6] [7] [8]
Overfull \hbox (80.67763pt too wide) in paragraph at lines 418--422
[]\T1/ptm/m/n/10 one or more sym-bols from the FMP avail-able list that can be 
found us-ing [][]\T1/zi4/m/n/10 fmpc_symbols_available[][][]\T1/ptm/m/n/10 .
[9] [10] [11] [12] [13] [14] [15]
Overfull \hbox (80.67763pt too wide) in paragraph at lines 829--833
[]\T1/ptm/m/n/10 one or more sym-bols from the FMP avail-able list that can be 
found us-ing [][]\T1/zi4/m/n/10 fmpc_symbols_by_market[][][]\T1/ptm/m/n/10 .
[16] [17] [18]
Overfull \hbox (80.67763pt too wide) in paragraph at lines 999--1003
[]\T1/ptm/m/n/10 one or more sym-bols from the FMP avail-able list that can be 
found us-ing [][]\T1/zi4/m/n/10 fmpc_symbols_by_market[][][]\T1/ptm/m/n/10 .
[19] [20]
Overfull \hbox (173.25597pt too wide) in paragraph at lines 1079--1082
[]\T1/ptm/m/n/10 Select a mar-ket to get cur-rent price for all se-cu-ri-ties: 
'etf','commodity','euronext','nyse','amex','tsx','index','mutual_fund',
[21]
Overfull \hbox (80.67763pt too wide) in paragraph at lines 1123--1127
[]\T1/ptm/m/n/10 one or more sym-bols from the FMP avail-able list that can be 
found us-ing [][]\T1/zi4/m/n/10 fmpc_symbols_by_market[][][]\T1/ptm/m/n/10 .

Overfull \hbox (11.5394pt too wide) in paragraph at lines 1166--1169
\T1/ptm/m/n/10 tual fund, in-dex, cur-rency, crypto, or any other sym-bol that 
can be found in [][]\T1/zi4/m/n/10 fmpc_symbols_by_market[][][]\T1/ptm/m/n/10 .
 
[22]
Overfull \hbox (80.67763pt too wide) in paragraph at lines 1183--1187
[]\T1/ptm/m/n/10 one or more sym-bols from the FMP avail-able list that can be 
found us-ing [][]\T1/zi4/m/n/10 fmpc_symbols_by_market[][][]\T1/ptm/m/n/10 .
[23]
Overfull \hbox (80.67763pt too wide) in paragraph at lines 1257--1261
[]\T1/ptm/m/n/10 one or more sym-bols from the FMP avail-able list that can be 
found us-ing [][]\T1/zi4/m/n/10 fmpc_symbols_by_market[][][]\T1/ptm/m/n/10 .

Overfull \hbox (82.31778pt too wide) in paragraph at lines 1266--1268
[]\T1/ptm/m/n/10 the fre-quency of which to pull in-tra-day prices. Op-tions ca
n be '1min','5min','15min','30min','1hour' 
[24] [25]
Overfull \hbox (80.67763pt too wide) in paragraph at lines 1393--1397
[]\T1/ptm/m/n/10 one or more sym-bols from the FMP avail-able list that can be 
found us-ing [][]\T1/zi4/m/n/10 fmpc_symbols_by_market[][][]\T1/ptm/m/n/10 .
[26] [27]
Overfull \hbox (80.67763pt too wide) in paragraph at lines 1486--1490
[]\T1/ptm/m/n/10 one or more sym-bols from the FMP avail-able list that can be 
found us-ing [][]\T1/zi4/m/n/10 fmpc_symbols_available[][][]\T1/ptm/m/n/10 .
[28] [29]
Overfull \hbox (80.67763pt too wide) in paragraph at lines 1575--1579
[]\T1/ptm/m/n/10 one or more sym-bols from the FMP avail-able list that can be 
found us-ing [][]\T1/zi4/m/n/10 fmpc_symbols_available[][][]\T1/ptm/m/n/10 .

Overfull \hbox (80.67763pt too wide) in paragraph at lines 1620--1624
[]\T1/ptm/m/n/10 one or more sym-bols from the FMP avail-able list that can be 
found us-ing [][]\T1/zi4/m/n/10 fmpc_symbols_available[][][]\T1/ptm/m/n/10 .
[30] [31] [32]
Overfull \hbox (80.67763pt too wide) in paragraph at lines 1783--1787
[]\T1/ptm/m/n/10 one or more sym-bols from the FMP avail-able list that can be 
found us-ing [][]\T1/zi4/m/n/10 fmpc_symbols_by_market[][][]\T1/ptm/m/n/10 .
[33]
Overfull \hbox (80.67763pt too wide) in paragraph at lines 1843--1847
[]\T1/ptm/m/n/10 one or more sym-bols from the FMP avail-able list that can be 
found us-ing [][]\T1/zi4/m/n/10 fmpc_symbols_by_market[][][]\T1/ptm/m/n/10 .
[34]
Overfull \hbox (4.2182pt too wide) in paragraph at lines 1851--1853
[]\T1/ptm/m/n/10 the fre-quency of which to pull in-tra-day data. Op-tions are 
'1min', '5min', '15min',

Overfull \hbox (1.79703pt too wide) in paragraph at lines 1860--1862
[]\T1/ptm/m/n/10 Technical in-di-ca-tors in-clude: 'SMA', 'EMA', 'WMA', 'DEMA',
 'TEMA', 'williams', 'RSI', 'ADX',

Overfull \hbox (23.25328pt too wide) in paragraph at lines 1881--1881
 []\T1/zi4/m/n/9 fmpc_security_tech_indic(c(\TS1/zi4/m/n/9 '\T1/zi4/m/n/9 AAPL\
TS1/zi4/m/n/9 '\T1/zi4/m/n/9 ,\TS1/zi4/m/n/9 '\T1/zi4/m/n/9 MSFT\TS1/zi4/m/n/9 
'\T1/zi4/m/n/9 ,\TS1/zi4/m/n/9 '\T1/zi4/m/n/9 SPY\TS1/zi4/m/n/9 '\T1/zi4/m/n/9 
), indicator = \TS1/zi4/m/n/9 '\T1/zi4/m/n/9 RSI\TS1/zi4/m/n/9 '\T1/zi4/m/n/9 ,
 freq = \TS1/zi4/m/n/9 '\T1/zi4/m/n/9 15min\TS1/zi4/m/n/9 '\T1/zi4/m/n/9 , peri
od = 25)[] 
[35] [36] [37] [38]
No file Rd2.ind.
[39] (/tmp/RtmpakntzU/Rd2pdf14a6635cf83/Rd2.aux)

Package rerunfilecheck Warning: File `Rd2.out' has changed.
(rerunfilecheck)                Rerun to get outlines right
(rerunfilecheck)                or use package `bookmark'.

 )
(see the transcript file for additional information){/usr/share/texlive/texmf-d
ist/fonts/enc/dvips/inconsolata/i4-ts1.enc}{/usr/share/texlive/texmf-dist/fonts
/enc/dvips/base/8r.enc}{/usr/share/texlive/texmf-dist/fonts/enc/dvips/inconsola
ta/i4-t1-0.enc}</usr/share/texlive/texmf-dist/fonts/type1/public/inconsolata/In
consolata-zi4r.pfb></usr/share/texlive/texmf-dist/fonts/type1/urw/helvetic/uhvr
8a.pfb></usr/share/texlive/texmf-dist/fonts/type1/urw/times/utmb8a.pfb></usr/sh
are/texlive/texmf-dist/fonts/type1/urw/times/utmr8a.pfb></usr/share/texlive/tex
mf-dist/fonts/type1/urw/times/utmr8a.pfb></usr/share/texlive/texmf-dist/fonts/t
ype1/urw/times/utmri8a.pfb>
Output written on Rd2.pdf (39 pages, 141947 bytes).
Transcript written on Rd2.log.
This is pdfTeX, Version 3.14159265-2.6-1.40.20 (TeX Live 2019/Debian) (preloaded format=pdflatex)
 restricted \write18 enabled.
entering extended mode
LaTeX2e <2020-02-02> patch level 2
L3 programming layer <2020-02-14>
(./Rd2.tex
(/usr/share/texlive/texmf-dist/tex/latex/base/book.cls
Document Class: book 2019/12/20 v1.4l Standard LaTeX document class
(/usr/share/texlive/texmf-dist/tex/latex/base/bk10.clo))
(/usr/share/R/share/texmf/tex/latex/Rd.sty
(/usr/share/texlive/texmf-dist/tex/latex/base/ifthen.sty)
(/usr/share/texlive/texmf-dist/tex/latex/tools/longtable.sty)
(/usr/share/texlive/texmf-dist/tex/latex/tools/bm.sty)
(/usr/share/texlive/texmf-dist/tex/latex/base/alltt.sty)
(/usr/share/texlive/texmf-dist/tex/latex/tools/verbatim.sty)
(/usr/share/texlive/texmf-dist/tex/latex/url/url.sty)
(/usr/share/texlive/texmf-dist/tex/latex/base/textcomp.sty)
(/usr/share/texlive/texmf-dist/tex/latex/base/fontenc.sty)
(/usr/share/texlive/texmf-dist/tex/latex/psnfss/times.sty)
(/usr/share/texlive/texmf-dist/tex/latex/inconsolata/zi4.sty
`inconsolata-zi4' v1.12, 2019/05/17 Text macros for Inconsolata (msharpe)
(/usr/share/texlive/texmf-dist/tex/latex/xkeyval/xkeyval.sty
(/usr/share/texlive/texmf-dist/tex/generic/xkeyval/xkeyval.tex
(/usr/share/texlive/texmf-dist/tex/generic/xkeyval/xkvutils.tex
(/usr/share/texlive/texmf-dist/tex/generic/xkeyval/keyval.tex)))))
(/usr/share/texlive/texmf-dist/tex/latex/graphics/color.sty
(/usr/share/texlive/texmf-dist/tex/latex/graphics-cfg/color.cfg)
(/usr/share/texlive/texmf-dist/tex/latex/graphics-def/pdftex.def))
(/usr/share/texlive/texmf-dist/tex/latex/hyperref/hyperref.sty
(/usr/share/texlive/texmf-dist/tex/generic/ltxcmds/ltxcmds.sty)
(/usr/share/texlive/texmf-dist/tex/generic/iftex/iftex.sty)
(/usr/share/texlive/texmf-dist/tex/latex/pdftexcmds/pdftexcmds.sty
(/usr/share/texlive/texmf-dist/tex/generic/infwarerr/infwarerr.sty))
(/usr/share/texlive/texmf-dist/tex/generic/kvsetkeys/kvsetkeys.sty)
(/usr/share/texlive/texmf-dist/tex/generic/kvdefinekeys/kvdefinekeys.sty)
(/usr/share/texlive/texmf-dist/tex/generic/pdfescape/pdfescape.sty)
(/usr/share/texlive/texmf-dist/tex/latex/hycolor/hycolor.sty)
(/usr/share/texlive/texmf-dist/tex/latex/letltxmacro/letltxmacro.sty)
(/usr/share/texlive/texmf-dist/tex/latex/auxhook/auxhook.sty)
(/usr/share/texlive/texmf-dist/tex/latex/kvoptions/kvoptions.sty)
(/usr/share/texlive/texmf-dist/tex/latex/hyperref/pd1enc.def)
(/usr/share/texlive/texmf-dist/tex/generic/intcalc/intcalc.sty)
(/usr/share/texlive/texmf-dist/tex/generic/etexcmds/etexcmds.sty)
(/usr/share/texlive/texmf-dist/tex/generic/bitset/bitset.sty
(/usr/share/texlive/texmf-dist/tex/generic/bigintcalc/bigintcalc.sty))
(/usr/share/texlive/texmf-dist/tex/generic/atbegshi/atbegshi.sty))
(/usr/share/texlive/texmf-dist/tex/latex/hyperref/hpdftex.def
(/usr/share/texlive/texmf-dist/tex/latex/atveryend/atveryend.sty)
(/usr/share/texlive/texmf-dist/tex/latex/rerunfilecheck/rerunfilecheck.sty
(/usr/share/texlive/texmf-dist/tex/generic/uniquecounter/uniquecounter.sty)))

Package hyperref Warning: Option `hyperindex' has already been used,
(hyperref)                setting the option has no effect on input line 377.


Package hyperref Warning: Option `pagebackref' has already been used,
(hyperref)                setting the option has no effect on input line 377.

) (/usr/share/texlive/texmf-dist/tex/latex/base/makeidx.sty)
(/usr/share/texlive/texmf-dist/tex/latex/base/inputenc.sty)
Writing index file Rd2.idx
(/usr/share/texlive/texmf-dist/tex/latex/l3backend/l3backend-pdfmode.def)
(/tmp/RtmpakntzU/Rd2pdf14a6635cf83/Rd2.aux)
(/usr/share/texlive/texmf-dist/tex/latex/psnfss/t1ptm.fd)
(/usr/share/texlive/texmf-dist/tex/context/base/mkii/supp-pdf.mkii
[Loading MPS to PDF converter (version 2006.09.02).]
) (/usr/share/texlive/texmf-dist/tex/latex/hyperref/nameref.sty
(/usr/share/texlive/texmf-dist/tex/latex/refcount/refcount.sty)
(/usr/share/texlive/texmf-dist/tex/generic/gettitlestring/gettitlestring.sty))
(/tmp/RtmpakntzU/Rd2pdf14a6635cf83/Rd2.out)
(/tmp/RtmpakntzU/Rd2pdf14a6635cf83/Rd2.out)
(/usr/share/texlive/texmf-dist/tex/latex/psnfss/ts1ptm.fd)
(/usr/share/texlive/texmf-dist/tex/latex/inconsolata/t1zi4.fd)
(/usr/share/texlive/texmf-dist/tex/latex/psnfss/t1phv.fd)
(/tmp/RtmpakntzU/Rd2pdf14a6635cf83/Rd2.toc [1{/var/lib/texmf/fonts/map/pdftex/u
pdmap/pdftex.map}]) [2]
(/usr/share/texlive/texmf-dist/tex/latex/inconsolata/ts1zi4.fd) [3] [4]
Overfull \hbox (80.67763pt too wide) in paragraph at lines 209--213
[]\T1/ptm/m/n/10 one or more sym-bols from the FMP avail-able list that can be 
found us-ing [][]\T1/zi4/m/n/10 fmpc_symbols_available[][][]\T1/ptm/m/n/10 .
[5]
Overfull \hbox (23.6476pt too wide) in paragraph at lines 265--267
[]\T1/ptm/m/n/10 indicate which cal-en-dar to view. Op-tions in-clude 'ipo', 's
tock_split', 'stock_dividend',
[6] [7] [8]
Overfull \hbox (80.67763pt too wide) in paragraph at lines 418--422
[]\T1/ptm/m/n/10 one or more sym-bols from the FMP avail-able list that can be 
found us-ing [][]\T1/zi4/m/n/10 fmpc_symbols_available[][][]\T1/ptm/m/n/10 .
[9] [10] [11] [12] [13] [14] [15] [16]
Overfull \hbox (80.67763pt too wide) in paragraph at lines 829--833
[]\T1/ptm/m/n/10 one or more sym-bols from the FMP avail-able list that can be 
found us-ing [][]\T1/zi4/m/n/10 fmpc_symbols_by_market[][][]\T1/ptm/m/n/10 .
[17] [18] [19]
Overfull \hbox (80.67763pt too wide) in paragraph at lines 999--1003
[]\T1/ptm/m/n/10 one or more sym-bols from the FMP avail-able list that can be 
found us-ing [][]\T1/zi4/m/n/10 fmpc_symbols_by_market[][][]\T1/ptm/m/n/10 .
[20]
Overfull \hbox (173.25597pt too wide) in paragraph at lines 1079--1082
[]\T1/ptm/m/n/10 Select a mar-ket to get cur-rent price for all se-cu-ri-ties: 
'etf','commodity','euronext','nyse','amex','tsx','index','mutual_fund',
[21]
Overfull \hbox (80.67763pt too wide) in paragraph at lines 1123--1127
[]\T1/ptm/m/n/10 one or more sym-bols from the FMP avail-able list that can be 
found us-ing [][]\T1/zi4/m/n/10 fmpc_symbols_by_market[][][]\T1/ptm/m/n/10 .
[22]
Overfull \hbox (11.5394pt too wide) in paragraph at lines 1166--1169
\T1/ptm/m/n/10 tual fund, in-dex, cur-rency, crypto, or any other sym-bol that 
can be found in [][]\T1/zi4/m/n/10 fmpc_symbols_by_market[][][]\T1/ptm/m/n/10 .
 

Overfull \hbox (80.67763pt too wide) in paragraph at lines 1183--1187
[]\T1/ptm/m/n/10 one or more sym-bols from the FMP avail-able list that can be 
found us-ing [][]\T1/zi4/m/n/10 fmpc_symbols_by_market[][][]\T1/ptm/m/n/10 .
[23]
Overfull \hbox (80.67763pt too wide) in paragraph at lines 1257--1261
[]\T1/ptm/m/n/10 one or more sym-bols from the FMP avail-able list that can be 
found us-ing [][]\T1/zi4/m/n/10 fmpc_symbols_by_market[][][]\T1/ptm/m/n/10 .
[24]
Overfull \hbox (82.31778pt too wide) in paragraph at lines 1266--1268
[]\T1/ptm/m/n/10 the fre-quency of which to pull in-tra-day prices. Op-tions ca
n be '1min','5min','15min','30min','1hour' 
[25] [26]
Overfull \hbox (80.67763pt too wide) in paragraph at lines 1393--1397
[]\T1/ptm/m/n/10 one or more sym-bols from the FMP avail-able list that can be 
found us-ing [][]\T1/zi4/m/n/10 fmpc_symbols_by_market[][][]\T1/ptm/m/n/10 .
[27]
Overfull \hbox (80.67763pt too wide) in paragraph at lines 1486--1490
[]\T1/ptm/m/n/10 one or more sym-bols from the FMP avail-able list that can be 
found us-ing [][]\T1/zi4/m/n/10 fmpc_symbols_available[][][]\T1/ptm/m/n/10 .
[28] [29]
Overfull \hbox (80.67763pt too wide) in paragraph at lines 1575--1579
[]\T1/ptm/m/n/10 one or more sym-bols from the FMP avail-able list that can be 
found us-ing [][]\T1/zi4/m/n/10 fmpc_symbols_available[][][]\T1/ptm/m/n/10 .
[30]
Overfull \hbox (80.67763pt too wide) in paragraph at lines 1620--1624
[]\T1/ptm/m/n/10 one or more sym-bols from the FMP avail-able list that can be 
found us-ing [][]\T1/zi4/m/n/10 fmpc_symbols_available[][][]\T1/ptm/m/n/10 .
[31] [32] [33]
Overfull \hbox (80.67763pt too wide) in paragraph at lines 1783--1787
[]\T1/ptm/m/n/10 one or more sym-bols from the FMP avail-able list that can be 
found us-ing [][]\T1/zi4/m/n/10 fmpc_symbols_by_market[][][]\T1/ptm/m/n/10 .
[34]
Overfull \hbox (80.67763pt too wide) in paragraph at lines 1843--1847
[]\T1/ptm/m/n/10 one or more sym-bols from the FMP avail-able list that can be 
found us-ing [][]\T1/zi4/m/n/10 fmpc_symbols_by_market[][][]\T1/ptm/m/n/10 .

Overfull \hbox (4.2182pt too wide) in paragraph at lines 1851--1853
[]\T1/ptm/m/n/10 the fre-quency of which to pull in-tra-day data. Op-tions are 
'1min', '5min', '15min',

Overfull \hbox (1.79703pt too wide) in paragraph at lines 1860--1862
[]\T1/ptm/m/n/10 Technical in-di-ca-tors in-clude: 'SMA', 'EMA', 'WMA', 'DEMA',
 'TEMA', 'williams', 'RSI', 'ADX',
[35]
Overfull \hbox (23.25328pt too wide) in paragraph at lines 1881--1881
 []\T1/zi4/m/n/9 fmpc_security_tech_indic(c(\TS1/zi4/m/n/9 '\T1/zi4/m/n/9 AAPL\
TS1/zi4/m/n/9 '\T1/zi4/m/n/9 ,\TS1/zi4/m/n/9 '\T1/zi4/m/n/9 MSFT\TS1/zi4/m/n/9 
'\T1/zi4/m/n/9 ,\TS1/zi4/m/n/9 '\T1/zi4/m/n/9 SPY\TS1/zi4/m/n/9 '\T1/zi4/m/n/9 
), indicator = \TS1/zi4/m/n/9 '\T1/zi4/m/n/9 RSI\TS1/zi4/m/n/9 '\T1/zi4/m/n/9 ,
 freq = \TS1/zi4/m/n/9 '\T1/zi4/m/n/9 15min\TS1/zi4/m/n/9 '\T1/zi4/m/n/9 , peri
od = 25)[] 
[36] [37] [38]
No file Rd2.ind.
[39] (/tmp/RtmpakntzU/Rd2pdf14a6635cf83/Rd2.aux) )
(see the transcript file for additional information){/usr/share/texlive/texmf-d
ist/fonts/enc/dvips/inconsolata/i4-ts1.enc}{/usr/share/texlive/texmf-dist/fonts
/enc/dvips/base/8r.enc}{/usr/share/texlive/texmf-dist/fonts/enc/dvips/inconsola
ta/i4-t1-0.enc}</usr/share/texlive/texmf-dist/fonts/type1/public/inconsolata/In
consolata-zi4r.pfb></usr/share/texlive/texmf-dist/fonts/type1/urw/helvetic/uhvr
8a.pfb></usr/share/texlive/texmf-dist/fonts/type1/urw/times/utmb8a.pfb></usr/sh
are/texlive/texmf-dist/fonts/type1/urw/times/utmr8a.pfb></usr/share/texlive/tex
mf-dist/fonts/type1/urw/times/utmr8a.pfb></usr/share/texlive/texmf-dist/fonts/t
ype1/urw/times/utmri8a.pfb>
Output written on Rd2.pdf (39 pages, 146564 bytes).
Transcript written on Rd2.log.
This is makeindex, version 2.15 [TeX Live 2019] (kpathsea + Thai support).
Scanning input file Rd2.idx....done (87 entries accepted, 0 rejected).
Sorting entries....done (567 comparisons).
Generating output file Rd2.ind....done (74 lines written, 0 warnings).
Output written in Rd2.ind.
Transcript written in Rd2.ilg.
This is pdfTeX, Version 3.14159265-2.6-1.40.20 (TeX Live 2019/Debian) (preloaded format=pdflatex)
 restricted \write18 enabled.
entering extended mode
LaTeX2e <2020-02-02> patch level 2
L3 programming layer <2020-02-14>
(./Rd2.tex
(/usr/share/texlive/texmf-dist/tex/latex/base/book.cls
Document Class: book 2019/12/20 v1.4l Standard LaTeX document class
(/usr/share/texlive/texmf-dist/tex/latex/base/bk10.clo))
(/usr/share/R/share/texmf/tex/latex/Rd.sty
(/usr/share/texlive/texmf-dist/tex/latex/base/ifthen.sty)
(/usr/share/texlive/texmf-dist/tex/latex/tools/longtable.sty)
(/usr/share/texlive/texmf-dist/tex/latex/tools/bm.sty)
(/usr/share/texlive/texmf-dist/tex/latex/base/alltt.sty)
(/usr/share/texlive/texmf-dist/tex/latex/tools/verbatim.sty)
(/usr/share/texlive/texmf-dist/tex/latex/url/url.sty)
(/usr/share/texlive/texmf-dist/tex/latex/base/textcomp.sty)
(/usr/share/texlive/texmf-dist/tex/latex/base/fontenc.sty)
(/usr/share/texlive/texmf-dist/tex/latex/psnfss/times.sty)
(/usr/share/texlive/texmf-dist/tex/latex/inconsolata/zi4.sty
`inconsolata-zi4' v1.12, 2019/05/17 Text macros for Inconsolata (msharpe)
(/usr/share/texlive/texmf-dist/tex/latex/xkeyval/xkeyval.sty
(/usr/share/texlive/texmf-dist/tex/generic/xkeyval/xkeyval.tex
(/usr/share/texlive/texmf-dist/tex/generic/xkeyval/xkvutils.tex
(/usr/share/texlive/texmf-dist/tex/generic/xkeyval/keyval.tex)))))
(/usr/share/texlive/texmf-dist/tex/latex/graphics/color.sty
(/usr/share/texlive/texmf-dist/tex/latex/graphics-cfg/color.cfg)
(/usr/share/texlive/texmf-dist/tex/latex/graphics-def/pdftex.def))
(/usr/share/texlive/texmf-dist/tex/latex/hyperref/hyperref.sty
(/usr/share/texlive/texmf-dist/tex/generic/ltxcmds/ltxcmds.sty)
(/usr/share/texlive/texmf-dist/tex/generic/iftex/iftex.sty)
(/usr/share/texlive/texmf-dist/tex/latex/pdftexcmds/pdftexcmds.sty
(/usr/share/texlive/texmf-dist/tex/generic/infwarerr/infwarerr.sty))
(/usr/share/texlive/texmf-dist/tex/generic/kvsetkeys/kvsetkeys.sty)
(/usr/share/texlive/texmf-dist/tex/generic/kvdefinekeys/kvdefinekeys.sty)
(/usr/share/texlive/texmf-dist/tex/generic/pdfescape/pdfescape.sty)
(/usr/share/texlive/texmf-dist/tex/latex/hycolor/hycolor.sty)
(/usr/share/texlive/texmf-dist/tex/latex/letltxmacro/letltxmacro.sty)
(/usr/share/texlive/texmf-dist/tex/latex/auxhook/auxhook.sty)
(/usr/share/texlive/texmf-dist/tex/latex/kvoptions/kvoptions.sty)
(/usr/share/texlive/texmf-dist/tex/latex/hyperref/pd1enc.def)
(/usr/share/texlive/texmf-dist/tex/generic/intcalc/intcalc.sty)
(/usr/share/texlive/texmf-dist/tex/generic/etexcmds/etexcmds.sty)
(/usr/share/texlive/texmf-dist/tex/generic/bitset/bitset.sty
(/usr/share/texlive/texmf-dist/tex/generic/bigintcalc/bigintcalc.sty))
(/usr/share/texlive/texmf-dist/tex/generic/atbegshi/atbegshi.sty))
(/usr/share/texlive/texmf-dist/tex/latex/hyperref/hpdftex.def
(/usr/share/texlive/texmf-dist/tex/latex/atveryend/atveryend.sty)
(/usr/share/texlive/texmf-dist/tex/latex/rerunfilecheck/rerunfilecheck.sty
(/usr/share/texlive/texmf-dist/tex/generic/uniquecounter/uniquecounter.sty)))

Package hyperref Warning: Option `hyperindex' has already been used,
(hyperref)                setting the option has no effect on input line 377.


Package hyperref Warning: Option `pagebackref' has already been used,
(hyperref)                setting the option has no effect on input line 377.

) (/usr/share/texlive/texmf-dist/tex/latex/base/makeidx.sty)
(/usr/share/texlive/texmf-dist/tex/latex/base/inputenc.sty)
Writing index file Rd2.idx
(/usr/share/texlive/texmf-dist/tex/latex/l3backend/l3backend-pdfmode.def)
(/tmp/RtmpakntzU/Rd2pdf14a6635cf83/Rd2.aux)
(/usr/share/texlive/texmf-dist/tex/latex/psnfss/t1ptm.fd)
(/usr/share/texlive/texmf-dist/tex/context/base/mkii/supp-pdf.mkii
[Loading MPS to PDF converter (version 2006.09.02).]
) (/usr/share/texlive/texmf-dist/tex/latex/hyperref/nameref.sty
(/usr/share/texlive/texmf-dist/tex/latex/refcount/refcount.sty)
(/usr/share/texlive/texmf-dist/tex/generic/gettitlestring/gettitlestring.sty))
(/tmp/RtmpakntzU/Rd2pdf14a6635cf83/Rd2.out)
(/tmp/RtmpakntzU/Rd2pdf14a6635cf83/Rd2.out)
(/usr/share/texlive/texmf-dist/tex/latex/psnfss/ts1ptm.fd)
(/usr/share/texlive/texmf-dist/tex/latex/inconsolata/t1zi4.fd)
(/usr/share/texlive/texmf-dist/tex/latex/psnfss/t1phv.fd)
(/tmp/RtmpakntzU/Rd2pdf14a6635cf83/Rd2.toc [1{/var/lib/texmf/fonts/map/pdftex/u
pdmap/pdftex.map}]) [2]
(/usr/share/texlive/texmf-dist/tex/latex/inconsolata/ts1zi4.fd) [3] [4]
Overfull \hbox (80.67763pt too wide) in paragraph at lines 209--213
[]\T1/ptm/m/n/10 one or more sym-bols from the FMP avail-able list that can be 
found us-ing [][]\T1/zi4/m/n/10 fmpc_symbols_available[][][]\T1/ptm/m/n/10 .
[5]
Overfull \hbox (23.6476pt too wide) in paragraph at lines 265--267
[]\T1/ptm/m/n/10 indicate which cal-en-dar to view. Op-tions in-clude 'ipo', 's
tock_split', 'stock_dividend',
[6] [7] [8]
Overfull \hbox (80.67763pt too wide) in paragraph at lines 418--422
[]\T1/ptm/m/n/10 one or more sym-bols from the FMP avail-able list that can be 
found us-ing [][]\T1/zi4/m/n/10 fmpc_symbols_available[][][]\T1/ptm/m/n/10 .
[9] [10] [11] [12] [13] [14] [15] [16]
Overfull \hbox (80.67763pt too wide) in paragraph at lines 829--833
[]\T1/ptm/m/n/10 one or more sym-bols from the FMP avail-able list that can be 
found us-ing [][]\T1/zi4/m/n/10 fmpc_symbols_by_market[][][]\T1/ptm/m/n/10 .
[17] [18] [19]
Overfull \hbox (80.67763pt too wide) in paragraph at lines 999--1003
[]\T1/ptm/m/n/10 one or more sym-bols from the FMP avail-able list that can be 
found us-ing [][]\T1/zi4/m/n/10 fmpc_symbols_by_market[][][]\T1/ptm/m/n/10 .
[20]
Overfull \hbox (173.25597pt too wide) in paragraph at lines 1079--1082
[]\T1/ptm/m/n/10 Select a mar-ket to get cur-rent price for all se-cu-ri-ties: 
'etf','commodity','euronext','nyse','amex','tsx','index','mutual_fund',
[21]
Overfull \hbox (80.67763pt too wide) in paragraph at lines 1123--1127
[]\T1/ptm/m/n/10 one or more sym-bols from the FMP avail-able list that can be 
found us-ing [][]\T1/zi4/m/n/10 fmpc_symbols_by_market[][][]\T1/ptm/m/n/10 .
[22]
Overfull \hbox (11.5394pt too wide) in paragraph at lines 1166--1169
\T1/ptm/m/n/10 tual fund, in-dex, cur-rency, crypto, or any other sym-bol that 
can be found in [][]\T1/zi4/m/n/10 fmpc_symbols_by_market[][][]\T1/ptm/m/n/10 .
 

Overfull \hbox (80.67763pt too wide) in paragraph at lines 1183--1187
[]\T1/ptm/m/n/10 one or more sym-bols from the FMP avail-able list that can be 
found us-ing [][]\T1/zi4/m/n/10 fmpc_symbols_by_market[][][]\T1/ptm/m/n/10 .
[23]
Overfull \hbox (80.67763pt too wide) in paragraph at lines 1257--1261
[]\T1/ptm/m/n/10 one or more sym-bols from the FMP avail-able list that can be 
found us-ing [][]\T1/zi4/m/n/10 fmpc_symbols_by_market[][][]\T1/ptm/m/n/10 .
[24]
Overfull \hbox (82.31778pt too wide) in paragraph at lines 1266--1268
[]\T1/ptm/m/n/10 the fre-quency of which to pull in-tra-day prices. Op-tions ca
n be '1min','5min','15min','30min','1hour' 
[25] [26]
Overfull \hbox (80.67763pt too wide) in paragraph at lines 1393--1397
[]\T1/ptm/m/n/10 one or more sym-bols from the FMP avail-able list that can be 
found us-ing [][]\T1/zi4/m/n/10 fmpc_symbols_by_market[][][]\T1/ptm/m/n/10 .
[27]
Overfull \hbox (80.67763pt too wide) in paragraph at lines 1486--1490
[]\T1/ptm/m/n/10 one or more sym-bols from the FMP avail-able list that can be 
found us-ing [][]\T1/zi4/m/n/10 fmpc_symbols_available[][][]\T1/ptm/m/n/10 .
[28] [29]
Overfull \hbox (80.67763pt too wide) in paragraph at lines 1575--1579
[]\T1/ptm/m/n/10 one or more sym-bols from the FMP avail-able list that can be 
found us-ing [][]\T1/zi4/m/n/10 fmpc_symbols_available[][][]\T1/ptm/m/n/10 .
[30]
Overfull \hbox (80.67763pt too wide) in paragraph at lines 1620--1624
[]\T1/ptm/m/n/10 one or more sym-bols from the FMP avail-able list that can be 
found us-ing [][]\T1/zi4/m/n/10 fmpc_symbols_available[][][]\T1/ptm/m/n/10 .
[31] [32] [33]
Overfull \hbox (80.67763pt too wide) in paragraph at lines 1783--1787
[]\T1/ptm/m/n/10 one or more sym-bols from the FMP avail-able list that can be 
found us-ing [][]\T1/zi4/m/n/10 fmpc_symbols_by_market[][][]\T1/ptm/m/n/10 .
[34]
Overfull \hbox (80.67763pt too wide) in paragraph at lines 1843--1847
[]\T1/ptm/m/n/10 one or more sym-bols from the FMP avail-able list that can be 
found us-ing [][]\T1/zi4/m/n/10 fmpc_symbols_by_market[][][]\T1/ptm/m/n/10 .

Overfull \hbox (4.2182pt too wide) in paragraph at lines 1851--1853
[]\T1/ptm/m/n/10 the fre-quency of which to pull in-tra-day data. Op-tions are 
'1min', '5min', '15min',

Overfull \hbox (1.79703pt too wide) in paragraph at lines 1860--1862
[]\T1/ptm/m/n/10 Technical in-di-ca-tors in-clude: 'SMA', 'EMA', 'WMA', 'DEMA',
 'TEMA', 'williams', 'RSI', 'ADX',
[35]
Overfull \hbox (23.25328pt too wide) in paragraph at lines 1881--1881
 []\T1/zi4/m/n/9 fmpc_security_tech_indic(c(\TS1/zi4/m/n/9 '\T1/zi4/m/n/9 AAPL\
TS1/zi4/m/n/9 '\T1/zi4/m/n/9 ,\TS1/zi4/m/n/9 '\T1/zi4/m/n/9 MSFT\TS1/zi4/m/n/9 
'\T1/zi4/m/n/9 ,\TS1/zi4/m/n/9 '\T1/zi4/m/n/9 SPY\TS1/zi4/m/n/9 '\T1/zi4/m/n/9 
), indicator = \TS1/zi4/m/n/9 '\T1/zi4/m/n/9 RSI\TS1/zi4/m/n/9 '\T1/zi4/m/n/9 ,
 freq = \TS1/zi4/m/n/9 '\T1/zi4/m/n/9 15min\TS1/zi4/m/n/9 '\T1/zi4/m/n/9 , peri
od = 25)[] 
[36] [37] [38] (/tmp/RtmpakntzU/Rd2pdf14a6635cf83/Rd2.ind [39] [40])
(/tmp/RtmpakntzU/Rd2pdf14a6635cf83/Rd2.aux)

Package rerunfilecheck Warning: File `Rd2.out' has changed.
(rerunfilecheck)                Rerun to get outlines right
(rerunfilecheck)                or use package `bookmark'.

 )
(see the transcript file for additional information){/usr/share/texlive/texmf-d
ist/fonts/enc/dvips/inconsolata/i4-ts1.enc}{/usr/share/texlive/texmf-dist/fonts
/enc/dvips/base/8r.enc}{/usr/share/texlive/texmf-dist/fonts/enc/dvips/inconsola
ta/i4-t1-0.enc}</usr/share/texlive/texmf-dist/fonts/type1/public/inconsolata/In
consolata-zi4r.pfb></usr/share/texlive/texmf-dist/fonts/type1/urw/helvetic/uhvr
8a.pfb></usr/share/texlive/texmf-dist/fonts/type1/urw/times/utmb8a.pfb></usr/sh
are/texlive/texmf-dist/fonts/type1/urw/times/utmr8a.pfb></usr/share/texlive/tex
mf-dist/fonts/type1/urw/times/utmr8a.pfb></usr/share/texlive/texmf-dist/fonts/t
ype1/urw/times/utmri8a.pfb>
Output written on Rd2.pdf (40 pages, 151273 bytes).
Transcript written on Rd2.log.
This is makeindex, version 2.15 [TeX Live 2019] (kpathsea + Thai support).
Scanning input file Rd2.idx....done (87 entries accepted, 0 rejected).
Sorting entries....done (567 comparisons).
Generating output file Rd2.ind....done (74 lines written, 0 warnings).
Output written in Rd2.ind.
Transcript written in Rd2.ilg.
This is pdfTeX, Version 3.14159265-2.6-1.40.20 (TeX Live 2019/Debian) (preloaded format=pdflatex)
 restricted \write18 enabled.
entering extended mode
LaTeX2e <2020-02-02> patch level 2
L3 programming layer <2020-02-14>
(./Rd2.tex
(/usr/share/texlive/texmf-dist/tex/latex/base/book.cls
Document Class: book 2019/12/20 v1.4l Standard LaTeX document class
(/usr/share/texlive/texmf-dist/tex/latex/base/bk10.clo))
(/usr/share/R/share/texmf/tex/latex/Rd.sty
(/usr/share/texlive/texmf-dist/tex/latex/base/ifthen.sty)
(/usr/share/texlive/texmf-dist/tex/latex/tools/longtable.sty)
(/usr/share/texlive/texmf-dist/tex/latex/tools/bm.sty)
(/usr/share/texlive/texmf-dist/tex/latex/base/alltt.sty)
(/usr/share/texlive/texmf-dist/tex/latex/tools/verbatim.sty)
(/usr/share/texlive/texmf-dist/tex/latex/url/url.sty)
(/usr/share/texlive/texmf-dist/tex/latex/base/textcomp.sty)
(/usr/share/texlive/texmf-dist/tex/latex/base/fontenc.sty)
(/usr/share/texlive/texmf-dist/tex/latex/psnfss/times.sty)
(/usr/share/texlive/texmf-dist/tex/latex/inconsolata/zi4.sty
`inconsolata-zi4' v1.12, 2019/05/17 Text macros for Inconsolata (msharpe)
(/usr/share/texlive/texmf-dist/tex/latex/xkeyval/xkeyval.sty
(/usr/share/texlive/texmf-dist/tex/generic/xkeyval/xkeyval.tex
(/usr/share/texlive/texmf-dist/tex/generic/xkeyval/xkvutils.tex
(/usr/share/texlive/texmf-dist/tex/generic/xkeyval/keyval.tex)))))
(/usr/share/texlive/texmf-dist/tex/latex/graphics/color.sty
(/usr/share/texlive/texmf-dist/tex/latex/graphics-cfg/color.cfg)
(/usr/share/texlive/texmf-dist/tex/latex/graphics-def/pdftex.def))
(/usr/share/texlive/texmf-dist/tex/latex/hyperref/hyperref.sty
(/usr/share/texlive/texmf-dist/tex/generic/ltxcmds/ltxcmds.sty)
(/usr/share/texlive/texmf-dist/tex/generic/iftex/iftex.sty)
(/usr/share/texlive/texmf-dist/tex/latex/pdftexcmds/pdftexcmds.sty
(/usr/share/texlive/texmf-dist/tex/generic/infwarerr/infwarerr.sty))
(/usr/share/texlive/texmf-dist/tex/generic/kvsetkeys/kvsetkeys.sty)
(/usr/share/texlive/texmf-dist/tex/generic/kvdefinekeys/kvdefinekeys.sty)
(/usr/share/texlive/texmf-dist/tex/generic/pdfescape/pdfescape.sty)
(/usr/share/texlive/texmf-dist/tex/latex/hycolor/hycolor.sty)
(/usr/share/texlive/texmf-dist/tex/latex/letltxmacro/letltxmacro.sty)
(/usr/share/texlive/texmf-dist/tex/latex/auxhook/auxhook.sty)
(/usr/share/texlive/texmf-dist/tex/latex/kvoptions/kvoptions.sty)
(/usr/share/texlive/texmf-dist/tex/latex/hyperref/pd1enc.def)
(/usr/share/texlive/texmf-dist/tex/generic/intcalc/intcalc.sty)
(/usr/share/texlive/texmf-dist/tex/generic/etexcmds/etexcmds.sty)
(/usr/share/texlive/texmf-dist/tex/generic/bitset/bitset.sty
(/usr/share/texlive/texmf-dist/tex/generic/bigintcalc/bigintcalc.sty))
(/usr/share/texlive/texmf-dist/tex/generic/atbegshi/atbegshi.sty))
(/usr/share/texlive/texmf-dist/tex/latex/hyperref/hpdftex.def
(/usr/share/texlive/texmf-dist/tex/latex/atveryend/atveryend.sty)
(/usr/share/texlive/texmf-dist/tex/latex/rerunfilecheck/rerunfilecheck.sty
(/usr/share/texlive/texmf-dist/tex/generic/uniquecounter/uniquecounter.sty)))

Package hyperref Warning: Option `hyperindex' has already been used,
(hyperref)                setting the option has no effect on input line 377.


Package hyperref Warning: Option `pagebackref' has already been used,
(hyperref)                setting the option has no effect on input line 377.

) (/usr/share/texlive/texmf-dist/tex/latex/base/makeidx.sty)
(/usr/share/texlive/texmf-dist/tex/latex/base/inputenc.sty)
Writing index file Rd2.idx
(/usr/share/texlive/texmf-dist/tex/latex/l3backend/l3backend-pdfmode.def)
(/tmp/RtmpakntzU/Rd2pdf14a6635cf83/Rd2.aux)
(/usr/share/texlive/texmf-dist/tex/latex/psnfss/t1ptm.fd)
(/usr/share/texlive/texmf-dist/tex/context/base/mkii/supp-pdf.mkii
[Loading MPS to PDF converter (version 2006.09.02).]
) (/usr/share/texlive/texmf-dist/tex/latex/hyperref/nameref.sty
(/usr/share/texlive/texmf-dist/tex/latex/refcount/refcount.sty)
(/usr/share/texlive/texmf-dist/tex/generic/gettitlestring/gettitlestring.sty))
(/tmp/RtmpakntzU/Rd2pdf14a6635cf83/Rd2.out)
(/tmp/RtmpakntzU/Rd2pdf14a6635cf83/Rd2.out)
(/usr/share/texlive/texmf-dist/tex/latex/psnfss/ts1ptm.fd)
(/usr/share/texlive/texmf-dist/tex/latex/inconsolata/t1zi4.fd)
(/usr/share/texlive/texmf-dist/tex/latex/psnfss/t1phv.fd)
(/tmp/RtmpakntzU/Rd2pdf14a6635cf83/Rd2.toc [1{/var/lib/texmf/fonts/map/pdftex/u
pdmap/pdftex.map}]) [2]
(/usr/share/texlive/texmf-dist/tex/latex/inconsolata/ts1zi4.fd) [3] [4]
Overfull \hbox (80.67763pt too wide) in paragraph at lines 209--213
[]\T1/ptm/m/n/10 one or more sym-bols from the FMP avail-able list that can be 
found us-ing [][]\T1/zi4/m/n/10 fmpc_symbols_available[][][]\T1/ptm/m/n/10 .
[5]
Overfull \hbox (23.6476pt too wide) in paragraph at lines 265--267
[]\T1/ptm/m/n/10 indicate which cal-en-dar to view. Op-tions in-clude 'ipo', 's
tock_split', 'stock_dividend',
[6] [7] [8]
Overfull \hbox (80.67763pt too wide) in paragraph at lines 418--422
[]\T1/ptm/m/n/10 one or more sym-bols from the FMP avail-able list that can be 
found us-ing [][]\T1/zi4/m/n/10 fmpc_symbols_available[][][]\T1/ptm/m/n/10 .
[9] [10] [11] [12] [13] [14] [15] [16]
Overfull \hbox (80.67763pt too wide) in paragraph at lines 829--833
[]\T1/ptm/m/n/10 one or more sym-bols from the FMP avail-able list that can be 
found us-ing [][]\T1/zi4/m/n/10 fmpc_symbols_by_market[][][]\T1/ptm/m/n/10 .
[17] [18] [19]
Overfull \hbox (80.67763pt too wide) in paragraph at lines 999--1003
[]\T1/ptm/m/n/10 one or more sym-bols from the FMP avail-able list that can be 
found us-ing [][]\T1/zi4/m/n/10 fmpc_symbols_by_market[][][]\T1/ptm/m/n/10 .
[20]
Overfull \hbox (173.25597pt too wide) in paragraph at lines 1079--1082
[]\T1/ptm/m/n/10 Select a mar-ket to get cur-rent price for all se-cu-ri-ties: 
'etf','commodity','euronext','nyse','amex','tsx','index','mutual_fund',
[21]
Overfull \hbox (80.67763pt too wide) in paragraph at lines 1123--1127
[]\T1/ptm/m/n/10 one or more sym-bols from the FMP avail-able list that can be 
found us-ing [][]\T1/zi4/m/n/10 fmpc_symbols_by_market[][][]\T1/ptm/m/n/10 .
[22]
Overfull \hbox (11.5394pt too wide) in paragraph at lines 1166--1169
\T1/ptm/m/n/10 tual fund, in-dex, cur-rency, crypto, or any other sym-bol that 
can be found in [][]\T1/zi4/m/n/10 fmpc_symbols_by_market[][][]\T1/ptm/m/n/10 .
 

Overfull \hbox (80.67763pt too wide) in paragraph at lines 1183--1187
[]\T1/ptm/m/n/10 one or more sym-bols from the FMP avail-able list that can be 
found us-ing [][]\T1/zi4/m/n/10 fmpc_symbols_by_market[][][]\T1/ptm/m/n/10 .
[23]
Overfull \hbox (80.67763pt too wide) in paragraph at lines 1257--1261
[]\T1/ptm/m/n/10 one or more sym-bols from the FMP avail-able list that can be 
found us-ing [][]\T1/zi4/m/n/10 fmpc_symbols_by_market[][][]\T1/ptm/m/n/10 .
[24]
Overfull \hbox (82.31778pt too wide) in paragraph at lines 1266--1268
[]\T1/ptm/m/n/10 the fre-quency of which to pull in-tra-day prices. Op-tions ca
n be '1min','5min','15min','30min','1hour' 
[25] [26]
Overfull \hbox (80.67763pt too wide) in paragraph at lines 1393--1397
[]\T1/ptm/m/n/10 one or more sym-bols from the FMP avail-able list that can be 
found us-ing [][]\T1/zi4/m/n/10 fmpc_symbols_by_market[][][]\T1/ptm/m/n/10 .
[27]
Overfull \hbox (80.67763pt too wide) in paragraph at lines 1486--1490
[]\T1/ptm/m/n/10 one or more sym-bols from the FMP avail-able list that can be 
found us-ing [][]\T1/zi4/m/n/10 fmpc_symbols_available[][][]\T1/ptm/m/n/10 .
[28] [29]
Overfull \hbox (80.67763pt too wide) in paragraph at lines 1575--1579
[]\T1/ptm/m/n/10 one or more sym-bols from the FMP avail-able list that can be 
found us-ing [][]\T1/zi4/m/n/10 fmpc_symbols_available[][][]\T1/ptm/m/n/10 .
[30]
Overfull \hbox (80.67763pt too wide) in paragraph at lines 1620--1624
[]\T1/ptm/m/n/10 one or more sym-bols from the FMP avail-able list that can be 
found us-ing [][]\T1/zi4/m/n/10 fmpc_symbols_available[][][]\T1/ptm/m/n/10 .
[31] [32] [33]
Overfull \hbox (80.67763pt too wide) in paragraph at lines 1783--1787
[]\T1/ptm/m/n/10 one or more sym-bols from the FMP avail-able list that can be 
found us-ing [][]\T1/zi4/m/n/10 fmpc_symbols_by_market[][][]\T1/ptm/m/n/10 .
[34]
Overfull \hbox (80.67763pt too wide) in paragraph at lines 1843--1847
[]\T1/ptm/m/n/10 one or more sym-bols from the FMP avail-able list that can be 
found us-ing [][]\T1/zi4/m/n/10 fmpc_symbols_by_market[][][]\T1/ptm/m/n/10 .

Overfull \hbox (4.2182pt too wide) in paragraph at lines 1851--1853
[]\T1/ptm/m/n/10 the fre-quency of which to pull in-tra-day data. Op-tions are 
'1min', '5min', '15min',

Overfull \hbox (1.79703pt too wide) in paragraph at lines 1860--1862
[]\T1/ptm/m/n/10 Technical in-di-ca-tors in-clude: 'SMA', 'EMA', 'WMA', 'DEMA',
 'TEMA', 'williams', 'RSI', 'ADX',
[35]
Overfull \hbox (23.25328pt too wide) in paragraph at lines 1881--1881
 []\T1/zi4/m/n/9 fmpc_security_tech_indic(c(\TS1/zi4/m/n/9 '\T1/zi4/m/n/9 AAPL\
TS1/zi4/m/n/9 '\T1/zi4/m/n/9 ,\TS1/zi4/m/n/9 '\T1/zi4/m/n/9 MSFT\TS1/zi4/m/n/9 
'\T1/zi4/m/n/9 ,\TS1/zi4/m/n/9 '\T1/zi4/m/n/9 SPY\TS1/zi4/m/n/9 '\T1/zi4/m/n/9 
), indicator = \TS1/zi4/m/n/9 '\T1/zi4/m/n/9 RSI\TS1/zi4/m/n/9 '\T1/zi4/m/n/9 ,
 freq = \TS1/zi4/m/n/9 '\T1/zi4/m/n/9 15min\TS1/zi4/m/n/9 '\T1/zi4/m/n/9 , peri
od = 25)[] 
[36] [37] [38] (/tmp/RtmpakntzU/Rd2pdf14a6635cf83/Rd2.ind [39] [40])
(/tmp/RtmpakntzU/Rd2pdf14a6635cf83/Rd2.aux) )
(see the transcript file for additional information){/usr/share/texlive/texmf-d
ist/fonts/enc/dvips/inconsolata/i4-ts1.enc}{/usr/share/texlive/texmf-dist/fonts
/enc/dvips/base/8r.enc}{/usr/share/texlive/texmf-dist/fonts/enc/dvips/inconsola
ta/i4-t1-0.enc}</usr/share/texlive/texmf-dist/fonts/type1/public/inconsolata/In
consolata-zi4r.pfb></usr/share/texlive/texmf-dist/fonts/type1/urw/helvetic/uhvr
8a.pfb></usr/share/texlive/texmf-dist/fonts/type1/urw/times/utmb8a.pfb></usr/sh
are/texlive/texmf-dist/fonts/type1/urw/times/utmr8a.pfb></usr/share/texlive/tex
mf-dist/fonts/type1/urw/times/utmr8a.pfb></usr/share/texlive/texmf-dist/fonts/t
ype1/urw/times/utmri8a.pfb>
Output written on Rd2.pdf (40 pages, 152148 bytes).
Transcript written on Rd2.log.
Saving output to ‘fmpcloudr-manual.pdf’ ...
Done
You may want to clean up by 'rm -Rf /tmp/RtmpakntzU/Rd2pdf14a6635cf83'
